2021-12-19 14:15:54 error: [POST] /login >> StatusCode:: 400, Message:: role must be a valid enum value
2021-12-19 14:16:57 error: [POST] /login >> StatusCode:: 400, Message:: role must be a valid enum value
2021-12-19 14:18:13 error: [GET] /users >> StatusCode:: 401, Message:: Wrong authentication token
2021-12-19 14:35:58 error: [POST] /games >> StatusCode:: 400, Message:: property role should not exist, createdBy must be a string, createdAt must be a Date instance, time must be a Date instance
2021-12-19 14:36:29 error: [POST] /games >> StatusCode:: 400, Message:: createdBy must be a string, createdAt must be a Date instance, time must be a Date instance
2021-12-19 14:38:25 error: [POST] /games >> StatusCode:: 400, Message:: createdBy must be a string, createdAt must be a Date instance, time must be a Date instance
2021-12-19 14:42:30 error: [POST] /games >> StatusCode:: 400, Message:: createdBy must be a string, createdAt must be a Date instance
2021-12-19 14:44:21 error: [POST] /games >> StatusCode:: 400, Message:: createdBy must be a string
2021-12-19 14:44:56 error: [POST] /games >> StatusCode:: 500, Message:: games validation failed: createdBy: Path `createdBy` is required.
2021-12-19 14:52:45 error: [POST] /games >> StatusCode:: 500, Message:: games validation failed: createdBy: Path `createdBy` is required.
2021-12-19 16:29:04 error: [POST] /games >> StatusCode:: 400, Message:: property cretedBy should not exist
2021-12-19 16:30:06 error: [POST] /games >> StatusCode:: 400, Message:: property createdBy should not exist
2021-12-19 16:32:59 error: uncaughtException: Route.get() requires a callback function but got a [object Undefined]
Error: Route.get() requires a callback function but got a [object Undefined]
    at Route.<computed> [as get] (/Users/kuanysh.tokanov/Documents/dev/pets/futpal-backend/node_modules/express/lib/router/route.js:202:15)
    at Function.proto.<computed> [as get] (/Users/kuanysh.tokanov/Documents/dev/pets/futpal-backend/node_modules/express/lib/router/index.js:510:19)
    at GamesRoute.initializeRoutes (/Users/kuanysh.tokanov/Documents/dev/pets/futpal-backend/src/routes/games.route.ts:18:17)
    at new GamesRoute (/Users/kuanysh.tokanov/Documents/dev/pets/futpal-backend/src/routes/games.route.ts:14:10)
    at Object.<anonymous> (/Users/kuanysh.tokanov/Documents/dev/pets/futpal-backend/src/server.ts:19:5)
    at Module._compile (internal/modules/cjs/loader.js:1072:14)
    at Module.m._compile (/Users/kuanysh.tokanov/Documents/dev/pets/futpal-backend/node_modules/ts-node/src/index.ts:1371:23)
    at Module._extensions..js (internal/modules/cjs/loader.js:1101:10)
    at Object.require.extensions.<computed> [as .ts] (/Users/kuanysh.tokanov/Documents/dev/pets/futpal-backend/node_modules/ts-node/src/index.ts:1374:12)
    at Module.load (internal/modules/cjs/loader.js:937:32)
