2021-12-16 11:52:43 info: =================================
2021-12-16 11:52:43 info: ======= ENV: test =======
2021-12-16 11:52:43 info: 🚀 App listening on the port 8080
2021-12-16 11:52:43 info: =================================
2021-12-16 11:52:58 info: [0mGET /users [32m200[0m 10076.808 ms - 31[0m
2021-12-16 11:53:50 info: =================================
2021-12-16 11:53:50 info: ======= ENV: test =======
2021-12-16 11:53:50 info: 🚀 App listening on the port 8080
2021-12-16 11:53:50 info: =================================
2021-12-16 11:54:02 info: [0mGET /users [32m200[0m 8731.093 ms - 31[0m
2021-12-16 11:58:48 info: =================================
2021-12-16 11:58:48 info: ======= ENV: test =======
2021-12-16 11:58:48 info: 🚀 App listening on the port 8080
2021-12-16 11:58:48 info: =================================
2021-12-16 11:58:54 info: [0mGET /users [32m200[0m 8.183 ms - 31[0m
2021-12-16 13:54:40 info: =================================
2021-12-16 13:54:40 info: ======= ENV: test =======
2021-12-16 13:54:40 info: 🚀 App listening on the port 8080
2021-12-16 13:54:40 info: =================================
2021-12-16 13:54:44 info: [0mGET /users [32m200[0m 8.300 ms - 31[0m
2021-12-16 13:54:53 info: =================================
2021-12-16 13:54:53 info: ======= ENV: test =======
2021-12-16 13:54:53 info: 🚀 App listening on the port 8080
2021-12-16 13:54:53 info: =================================
2021-12-16 13:55:00 info: [0mGET /users [32m200[0m 8.178 ms - 31[0m
2021-12-16 13:55:33 info: =================================
2021-12-16 13:55:33 info: ======= ENV: test =======
2021-12-16 13:55:33 info: 🚀 App listening on the port 8080
2021-12-16 13:55:33 info: =================================
2021-12-16 13:56:09 info: [0mGET /users [32m200[0m 140.907 ms - 104[0m
2021-12-16 17:33:31 info: [0mPOST /users [32m201[0m 4319.553 ms - 167[0m
2021-12-16 17:34:54 info: =================================
2021-12-16 17:34:54 info: ======= ENV: test =======
2021-12-16 17:34:54 info: 🚀 App listening on the port 8080
2021-12-16 17:34:54 info: =================================
2021-12-16 17:35:30 info: =================================
2021-12-16 17:35:30 info: ======= ENV: test =======
2021-12-16 17:35:30 info: 🚀 App listening on the port 8080
2021-12-16 17:35:30 info: =================================
2021-12-16 17:36:14 info: =================================
2021-12-16 17:36:14 info: ======= ENV: test =======
2021-12-16 17:36:14 info: 🚀 App listening on the port 8080
2021-12-16 17:36:14 info: =================================
2021-12-16 17:37:43 info: =================================
2021-12-16 17:37:43 info: ======= ENV: test =======
2021-12-16 17:37:43 info: 🚀 App listening on the port 8080
2021-12-16 17:37:43 info: =================================
2021-12-16 17:38:56 info: =================================
2021-12-16 17:38:56 info: ======= ENV: test =======
2021-12-16 17:38:56 info: 🚀 App listening on the port 8080
2021-12-16 17:38:56 info: =================================
2021-12-16 17:39:08 error: [POST] /users >> StatusCode:: 409, Message:: You're email qwe@qwe.qwe already exists
2021-12-16 17:39:08 info: [0mPOST /users [33m409[0m 7075.049 ms - 53[0m
2021-12-16 17:41:28 info: [0mPOST /login [33m404[0m 1.792 ms - 145[0m
2021-12-16 17:42:25 info: =================================
2021-12-16 17:42:25 info: ======= ENV: test =======
2021-12-16 17:42:25 info: 🚀 App listening on the port 8080
2021-12-16 17:42:25 info: =================================
2021-12-16 17:42:37 error: [POST] /login >> StatusCode:: 409, Message:: You're password not matching
2021-12-16 17:42:37 info: [0mPOST /login [33m409[0m 8010.709 ms - 42[0m
2021-12-16 17:43:14 info: [0mPOST /login [32m200[0m 217.407 ms - 165[0m
2021-12-16 17:54:30 info: =================================
2021-12-16 17:54:30 info: ======= ENV: test =======
2021-12-16 17:54:30 info: 🚀 App listening on the port 8080
2021-12-16 17:54:30 info: =================================
2021-12-16 18:05:46 info: =================================
2021-12-16 18:05:46 info: ======= ENV: test =======
2021-12-16 18:05:46 info: 🚀 App listening on the port 8080
2021-12-16 18:05:46 info: =================================
2021-12-16 18:06:03 info: =================================
2021-12-16 18:06:03 info: ======= ENV: test =======
2021-12-16 18:06:03 info: 🚀 App listening on the port 8080
2021-12-16 18:06:03 info: =================================
2021-12-16 18:06:15 info: [0mGET /users [32m200[0m 6846.566 ms - 243[0m
2021-12-16 18:08:15 info: =================================
2021-12-16 18:08:15 info: ======= ENV: test =======
2021-12-16 18:08:15 info: 🚀 App listening on the port 8080
2021-12-16 18:08:15 info: =================================
2021-12-16 18:08:38 info: =================================
2021-12-16 18:08:38 info: ======= ENV: test =======
2021-12-16 18:08:38 info: 🚀 App listening on the port 8080
2021-12-16 18:08:38 info: =================================
2021-12-16 18:10:57 info: =================================
2021-12-16 18:10:57 info: ======= ENV: test =======
2021-12-16 18:10:57 info: 🚀 App listening on the port 8080
2021-12-16 18:10:57 info: =================================
