2021-12-14 18:29:51 info: =================================
2021-12-14 18:29:51 info: ======= ENV: development =======
2021-12-14 18:29:51 info: 🚀 App listening on the port 8080
2021-12-14 18:29:51 info: =================================
2021-12-14 18:38:09 info: =================================
2021-12-14 18:38:09 info: ======= ENV: development =======
2021-12-14 18:38:09 info: 🚀 App listening on the port 8080
2021-12-14 18:38:09 info: =================================
2021-12-14 18:40:23 info: =================================
2021-12-14 18:40:23 info: ======= ENV: development =======
2021-12-14 18:40:23 info: 🚀 App listening on the port 8080
2021-12-14 18:40:23 info: =================================
2021-12-14 18:57:15 info: =================================
2021-12-14 18:57:15 info: ======= ENV: development =======
2021-12-14 18:57:15 info: 🚀 App listening on the port 8080
2021-12-14 18:57:15 info: =================================
2021-12-14 18:58:42 info: =================================
2021-12-14 18:58:42 info: ======= ENV: development =======
2021-12-14 18:58:42 info: 🚀 App listening on the port 8080
2021-12-14 18:58:42 info: =================================
2021-12-14 19:00:52 info: =================================
2021-12-14 19:00:52 info: ======= ENV: development =======
2021-12-14 19:00:52 info: 🚀 App listening on the port 8080
2021-12-14 19:00:52 info: =================================
2021-12-14 19:01:21 info: =================================
2021-12-14 19:01:21 info: ======= ENV: development =======
2021-12-14 19:01:21 info: 🚀 App listening on the port 8080
2021-12-14 19:01:21 info: =================================
2021-12-14 19:01:59 info: =================================
2021-12-14 19:01:59 info: ======= ENV: development =======
2021-12-14 19:01:59 info: 🚀 App listening on the port 8080
2021-12-14 19:01:59 info: =================================
2021-12-14 19:02:06 info: =================================
2021-12-14 19:02:06 info: ======= ENV: development =======
2021-12-14 19:02:06 info: 🚀 App listening on the port 8080
2021-12-14 19:02:06 info: =================================
2021-12-14 19:05:08 info: =================================
2021-12-14 19:05:08 info: ======= ENV: development =======
2021-12-14 19:05:08 info: 🚀 App listening on the port 8080
2021-12-14 19:05:08 info: =================================
2021-12-14 19:13:37 info: =================================
2021-12-14 19:13:37 info: ======= ENV: development =======
2021-12-14 19:13:37 info: 🚀 App listening on the port 8080
2021-12-14 19:13:37 info: =================================
2021-12-14 19:17:19 info: [0mGET /users [32m200[0m 14.133 ms - 104[0m
2021-12-14 19:25:52 info: =================================
2021-12-14 19:25:52 info: ======= ENV: development =======
2021-12-14 19:25:52 info: 🚀 App listening on the port 8080
2021-12-14 19:25:52 info: =================================
2021-12-14 19:27:20 info: =================================
2021-12-14 19:27:20 info: ======= ENV: development =======
2021-12-14 19:27:20 info: 🚀 App listening on the port 8080
2021-12-14 19:27:20 info: =================================
2021-12-14 19:34:25 info: =================================
2021-12-14 19:34:25 info: ======= ENV: development =======
2021-12-14 19:34:25 info: 🚀 App listening on the port 8080
2021-12-14 19:34:25 info: =================================
2021-12-14 19:34:28 info: =================================
2021-12-14 19:34:28 info: ======= ENV: development =======
2021-12-14 19:34:28 info: 🚀 App listening on the port 8080
2021-12-14 19:34:28 info: =================================
2021-12-14 19:34:49 info: =================================
2021-12-14 19:34:49 info: ======= ENV: test =======
2021-12-14 19:34:49 info: 🚀 App listening on the port 8080
2021-12-14 19:34:49 info: =================================
2021-12-14 19:37:54 info: =================================
2021-12-14 19:37:54 info: ======= ENV: test =======
2021-12-14 19:37:54 info: 🚀 App listening on the port 8080
2021-12-14 19:37:54 info: =================================
2021-12-14 19:39:06 info: =================================
2021-12-14 19:39:06 info: ======= ENV: test =======
2021-12-14 19:39:06 info: 🚀 App listening on the port 8080
2021-12-14 19:39:06 info: =================================
2021-12-14 19:40:24 info: =================================
2021-12-14 19:40:24 info: ======= ENV: test =======
2021-12-14 19:40:24 info: 🚀 App listening on the port 8080
2021-12-14 19:40:24 info: =================================
2021-12-14 19:40:46 info: =================================
2021-12-14 19:40:46 info: ======= ENV: test =======
2021-12-14 19:40:46 info: 🚀 App listening on the port 8080
2021-12-14 19:40:46 info: =================================
2021-12-14 19:41:47 info: =================================
2021-12-14 19:41:47 info: ======= ENV: test =======
2021-12-14 19:41:47 info: 🚀 App listening on the port 8080
2021-12-14 19:41:47 info: =================================
2021-12-14 19:42:56 info: =================================
2021-12-14 19:42:56 info: ======= ENV: test =======
2021-12-14 19:42:56 info: 🚀 App listening on the port 8080
2021-12-14 19:42:56 info: =================================
2021-12-14 19:43:58 info: =================================
2021-12-14 19:43:58 info: ======= ENV: test =======
2021-12-14 19:43:58 info: 🚀 App listening on the port 8080
2021-12-14 19:43:58 info: =================================
2021-12-14 19:45:29 info: =================================
2021-12-14 19:45:29 info: ======= ENV: test =======
2021-12-14 19:45:29 info: 🚀 App listening on the port 8080
2021-12-14 19:45:29 info: =================================
2021-12-14 19:46:06 info: =================================
2021-12-14 19:46:06 info: ======= ENV: test =======
2021-12-14 19:46:06 info: 🚀 App listening on the port 8080
2021-12-14 19:46:06 info: =================================
2021-12-14 19:46:32 info: =================================
2021-12-14 19:46:32 info: ======= ENV: test =======
2021-12-14 19:46:32 info: 🚀 App listening on the port 8080
2021-12-14 19:46:32 info: =================================
2021-12-14 19:46:40 info: =================================
2021-12-14 19:46:40 info: ======= ENV: test =======
2021-12-14 19:46:40 info: 🚀 App listening on the port 8080
2021-12-14 19:46:40 info: =================================
2021-12-14 19:46:52 info: =================================
2021-12-14 19:46:52 info: ======= ENV: test =======
2021-12-14 19:46:52 info: 🚀 App listening on the port 8080
2021-12-14 19:46:52 info: =================================
2021-12-14 19:47:18 info: =================================
2021-12-14 19:47:18 info: ======= ENV: test =======
2021-12-14 19:47:18 info: 🚀 App listening on the port 8080
2021-12-14 19:47:18 info: =================================
2021-12-14 19:48:00 info: =================================
2021-12-14 19:48:00 info: ======= ENV: test =======
2021-12-14 19:48:00 info: 🚀 App listening on the port 8080
2021-12-14 19:48:00 info: =================================
2021-12-14 19:50:15 info: =================================
2021-12-14 19:50:15 info: ======= ENV: test =======
2021-12-14 19:50:15 info: 🚀 App listening on the port 8080
2021-12-14 19:50:15 info: =================================
2021-12-14 19:53:10 info: =================================
2021-12-14 19:53:10 info: ======= ENV: test =======
2021-12-14 19:53:10 info: 🚀 App listening on the port 8080
2021-12-14 19:53:10 info: =================================
2021-12-14 19:55:00 info: =================================
2021-12-14 19:55:00 info: ======= ENV: test =======
2021-12-14 19:55:00 info: 🚀 App listening on the port 8080
2021-12-14 19:55:00 info: =================================
2021-12-14 19:55:21 info: [0mGET /users [0m-[0m - ms - -[0m
2021-12-14 19:56:00 info: [0mGET /users [0m-[0m - ms - -[0m
