2021-12-19 14:15:44 info: =================================
2021-12-19 14:15:44 info: ======= ENV: test =======
2021-12-19 14:15:44 info: 🚀 App listening on the port 8080
2021-12-19 14:15:44 info: =================================
2021-12-19 14:15:54 error: [POST] /login >> StatusCode:: 400, Message:: role must be a valid enum value
2021-12-19 14:15:54 info: [0mPOST /login [33m400[0m 46.964 ms - 45[0m
2021-12-19 14:16:49 info: =================================
2021-12-19 14:16:49 info: ======= ENV: test =======
2021-12-19 14:16:49 info: 🚀 App listening on the port 8080
2021-12-19 14:16:49 info: =================================
2021-12-19 14:16:57 error: [POST] /login >> StatusCode:: 400, Message:: role must be a valid enum value
2021-12-19 14:16:57 info: [0mPOST /login [33m400[0m 26.157 ms - 45[0m
2021-12-19 14:17:38 info: =================================
2021-12-19 14:17:38 info: ======= ENV: test =======
2021-12-19 14:17:38 info: 🚀 App listening on the port 8080
2021-12-19 14:17:38 info: =================================
2021-12-19 14:17:55 info: =================================
2021-12-19 14:17:55 info: ======= ENV: test =======
2021-12-19 14:17:55 info: 🚀 App listening on the port 8080
2021-12-19 14:17:55 info: =================================
2021-12-19 14:17:58 info: [0mPOST /login [32m200[0m 256.682 ms - 176[0m
2021-12-19 14:18:13 error: [GET] /users >> StatusCode:: 401, Message:: Wrong authentication token
2021-12-19 14:18:13 info: [0mGET /users [33m401[0m 3.237 ms - 40[0m
2021-12-19 14:18:17 info: [0mGET /users [32m200[0m 267.097 ms - 506[0m
2021-12-19 14:18:56 info: [0mGET /users [32m200[0m 260.659 ms - 506[0m
2021-12-19 14:19:54 info: [0mGET /games [32m200[0m 265.060 ms - 31[0m
2021-12-19 14:21:30 info: =================================
2021-12-19 14:21:30 info: ======= ENV: test =======
2021-12-19 14:21:30 info: 🚀 App listening on the port 8080
2021-12-19 14:21:30 info: =================================
2021-12-19 14:25:41 info: =================================
2021-12-19 14:25:41 info: ======= ENV: test =======
2021-12-19 14:25:41 info: 🚀 App listening on the port 8080
2021-12-19 14:25:41 info: =================================
2021-12-19 14:26:50 info: =================================
2021-12-19 14:26:50 info: ======= ENV: test =======
2021-12-19 14:26:50 info: 🚀 App listening on the port 8080
2021-12-19 14:26:50 info: =================================
2021-12-19 14:27:31 info: =================================
2021-12-19 14:27:31 info: ======= ENV: test =======
2021-12-19 14:27:31 info: 🚀 App listening on the port 8080
2021-12-19 14:27:31 info: =================================
2021-12-19 14:35:58 error: [POST] /games >> StatusCode:: 400, Message:: property role should not exist, createdBy must be a string, createdAt must be a Date instance, time must be a Date instance
2021-12-19 14:35:58 info: [0mPOST /games [33m400[0m 27.787 ms - 137[0m
2021-12-19 14:36:29 error: [POST] /games >> StatusCode:: 400, Message:: createdBy must be a string, createdAt must be a Date instance, time must be a Date instance
2021-12-19 14:36:29 info: [0mPOST /games [33m400[0m 4.376 ms - 105[0m
2021-12-19 14:38:25 error: [POST] /games >> StatusCode:: 400, Message:: createdBy must be a string, createdAt must be a Date instance, time must be a Date instance
2021-12-19 14:38:25 info: [0mPOST /games [33m400[0m 1.496 ms - 105[0m
2021-12-19 14:42:22 info: =================================
2021-12-19 14:42:22 info: ======= ENV: test =======
2021-12-19 14:42:22 info: 🚀 App listening on the port 8080
2021-12-19 14:42:22 info: =================================
2021-12-19 14:42:30 error: [POST] /games >> StatusCode:: 400, Message:: createdBy must be a string, createdAt must be a Date instance
2021-12-19 14:42:30 info: [0mPOST /games [33m400[0m 24.135 ms - 75[0m
2021-12-19 14:44:01 info: =================================
2021-12-19 14:44:01 info: ======= ENV: test =======
2021-12-19 14:44:01 info: 🚀 App listening on the port 8080
2021-12-19 14:44:01 info: =================================
2021-12-19 14:44:19 info: =================================
2021-12-19 14:44:19 info: ======= ENV: test =======
2021-12-19 14:44:19 info: 🚀 App listening on the port 8080
2021-12-19 14:44:19 info: =================================
2021-12-19 14:44:21 error: [POST] /games >> StatusCode:: 400, Message:: createdBy must be a string
2021-12-19 14:44:21 info: [0mPOST /games [33m400[0m 29.089 ms - 40[0m
2021-12-19 14:44:53 info: =================================
2021-12-19 14:44:53 info: ======= ENV: test =======
2021-12-19 14:44:53 info: 🚀 App listening on the port 8080
2021-12-19 14:44:53 info: =================================
2021-12-19 14:44:56 error: [POST] /games >> StatusCode:: 500, Message:: games validation failed: createdBy: Path `createdBy` is required.
2021-12-19 14:44:56 info: [0mPOST /games [31m500[0m 182.186 ms - 79[0m
2021-12-19 14:52:19 info: =================================
2021-12-19 14:52:19 info: ======= ENV: test =======
2021-12-19 14:52:19 info: 🚀 App listening on the port 8080
2021-12-19 14:52:19 info: =================================
2021-12-19 14:52:40 info: =================================
2021-12-19 14:52:40 info: ======= ENV: test =======
2021-12-19 14:52:41 info: 🚀 App listening on the port 8080
2021-12-19 14:52:41 info: =================================
2021-12-19 14:52:45 error: [POST] /games >> StatusCode:: 500, Message:: games validation failed: createdBy: Path `createdBy` is required.
2021-12-19 14:52:45 info: [0mPOST /games [31m500[0m 175.222 ms - 79[0m
2021-12-19 14:55:01 info: =================================
2021-12-19 14:55:01 info: ======= ENV: test =======
2021-12-19 14:55:01 info: 🚀 App listening on the port 8080
2021-12-19 14:55:01 info: =================================
2021-12-19 14:59:43 info: =================================
2021-12-19 14:59:43 info: ======= ENV: test =======
2021-12-19 14:59:43 info: 🚀 App listening on the port 8080
2021-12-19 14:59:43 info: =================================
2021-12-19 15:00:19 info: =================================
2021-12-19 15:00:19 info: ======= ENV: test =======
2021-12-19 15:00:19 info: 🚀 App listening on the port 8080
2021-12-19 15:00:19 info: =================================
2021-12-19 15:00:25 info: =================================
2021-12-19 15:00:25 info: ======= ENV: test =======
2021-12-19 15:00:25 info: 🚀 App listening on the port 8080
2021-12-19 15:00:25 info: =================================
2021-12-19 15:02:49 info: =================================
2021-12-19 15:02:49 info: ======= ENV: test =======
2021-12-19 15:02:49 info: 🚀 App listening on the port 8080
2021-12-19 15:02:49 info: =================================
2021-12-19 15:03:20 info: =================================
2021-12-19 15:03:20 info: ======= ENV: test =======
2021-12-19 15:03:20 info: 🚀 App listening on the port 8080
2021-12-19 15:03:20 info: =================================
2021-12-19 15:03:23 info: =================================
2021-12-19 15:03:23 info: ======= ENV: test =======
2021-12-19 15:03:23 info: 🚀 App listening on the port 8080
2021-12-19 15:03:23 info: =================================
2021-12-19 16:28:41 info: =================================
2021-12-19 16:28:41 info: ======= ENV: test =======
2021-12-19 16:28:41 info: 🚀 App listening on the port 8080
2021-12-19 16:28:41 info: =================================
2021-12-19 16:28:48 info: [0mPOST /login [32m200[0m 244.124 ms - 176[0m
2021-12-19 16:28:57 info: [0mGET /games [32m200[0m 268.565 ms - 31[0m
2021-12-19 16:29:04 error: [POST] /games >> StatusCode:: 400, Message:: property cretedBy should not exist
2021-12-19 16:29:04 info: [0mPOST /games [33m400[0m 3.714 ms - 48[0m
2021-12-19 16:30:06 error: [POST] /games >> StatusCode:: 400, Message:: property createdBy should not exist
2021-12-19 16:30:06 info: [0mPOST /games [33m400[0m 1.972 ms - 49[0m
2021-12-19 16:30:27 info: =================================
2021-12-19 16:30:27 info: ======= ENV: test =======
2021-12-19 16:30:27 info: 🚀 App listening on the port 8080
2021-12-19 16:30:27 info: =================================
2021-12-19 16:30:31 info: [0mPOST /games [32m201[0m 445.136 ms - 272[0m
2021-12-19 16:30:43 info: [0mGET /games [32m200[0m 264.762 ms - 274[0m
2021-12-19 16:31:04 info: =================================
2021-12-19 16:31:04 info: ======= ENV: test =======
2021-12-19 16:31:04 info: 🚀 App listening on the port 8080
2021-12-19 16:31:04 info: =================================
2021-12-19 16:31:08 info: =================================
2021-12-19 16:31:08 info: ======= ENV: test =======
2021-12-19 16:31:08 info: 🚀 App listening on the port 8080
2021-12-19 16:31:08 info: =================================
2021-12-19 16:31:47 info: =================================
2021-12-19 16:31:47 info: ======= ENV: test =======
2021-12-19 16:31:47 info: 🚀 App listening on the port 8080
2021-12-19 16:31:47 info: =================================
2021-12-19 16:33:04 info: =================================
2021-12-19 16:33:04 info: ======= ENV: test =======
2021-12-19 16:33:04 info: 🚀 App listening on the port 8080
2021-12-19 16:33:04 info: =================================
2021-12-19 16:33:35 info: =================================
2021-12-19 16:33:35 info: ======= ENV: test =======
2021-12-19 16:33:35 info: 🚀 App listening on the port 8080
2021-12-19 16:33:35 info: =================================
2021-12-19 16:33:48 info: =================================
2021-12-19 16:33:48 info: ======= ENV: test =======
2021-12-19 16:33:48 info: 🚀 App listening on the port 8080
2021-12-19 16:33:48 info: =================================
2021-12-19 16:34:18 info: =================================
2021-12-19 16:34:18 info: ======= ENV: test =======
2021-12-19 16:34:18 info: 🚀 App listening on the port 8080
2021-12-19 16:34:18 info: =================================
2021-12-19 16:34:22 info: =================================
2021-12-19 16:34:22 info: ======= ENV: test =======
2021-12-19 16:34:22 info: 🚀 App listening on the port 8080
2021-12-19 16:34:22 info: =================================
2021-12-19 16:35:10 info: [0mGET /games/61bf42079fc612893d4b8b80 [32m200[0m 147.986 ms - 272[0m
2021-12-19 16:35:38 info: =================================
2021-12-19 16:35:38 info: ======= ENV: test =======
2021-12-19 16:35:38 info: 🚀 App listening on the port 8080
2021-12-19 16:35:38 info: =================================
