2021-12-17 15:46:34 info: =================================
2021-12-17 15:46:34 info: ======= ENV: test =======
2021-12-17 15:46:34 info: 🚀 App listening on the port 8080
2021-12-17 15:46:34 info: =================================
2021-12-17 15:46:49 info: [0mPOST /login [32m200[0m 258.184 ms - 165[0m
2021-12-17 15:47:12 error: [GET] /users >> StatusCode:: 401, Message:: Wrong authentication token
2021-12-17 15:47:12 info: [0mGET /users [33m401[0m 1.426 ms - 40[0m
2021-12-17 15:47:19 error: [GET] /users >> StatusCode:: 401, Message:: Wrong authentication token
2021-12-17 15:47:19 info: [0mGET /users [33m401[0m 0.975 ms - 40[0m
2021-12-17 15:48:31 error: [GET] /users >> StatusCode:: 401, Message:: Wrong authentication token
2021-12-17 15:48:31 info: [0mGET /users [33m401[0m 0.872 ms - 40[0m
2021-12-17 15:49:58 info: =================================
2021-12-17 15:49:58 info: ======= ENV: test =======
2021-12-17 15:49:58 info: 🚀 App listening on the port 8080
2021-12-17 15:49:58 info: =================================
2021-12-17 15:50:14 info: [0mPOST /login [32m200[0m 241.251 ms - 165[0m
2021-12-17 15:50:23 error: [GET] /users >> StatusCode:: 401, Message:: Wrong authentication token
2021-12-17 15:50:23 info: [0mGET /users [33m401[0m 1.412 ms - 40[0m
2021-12-17 15:51:05 error: [GET] /users >> StatusCode:: 401, Message:: Wrong authentication token
2021-12-17 15:51:05 info: [0mGET /users [33m401[0m 0.983 ms - 40[0m
2021-12-17 15:51:23 info: =================================
2021-12-17 15:51:23 info: ======= ENV: test =======
2021-12-17 15:51:23 info: 🚀 App listening on the port 8080
2021-12-17 15:51:23 info: =================================
2021-12-17 15:51:28 error: [GET] /users >> StatusCode:: 401, Message:: Wrong authentication token
2021-12-17 15:51:28 info: [0mGET /users [33m401[0m 4.591 ms - 40[0m
2021-12-17 15:52:10 info: =================================
2021-12-17 15:52:10 info: ======= ENV: test =======
2021-12-17 15:52:10 info: 🚀 App listening on the port 8080
2021-12-17 15:52:10 info: =================================
2021-12-17 15:52:18 error: [GET] /users >> StatusCode:: 401, Message:: Wrong authentication token
2021-12-17 15:52:18 info: [0mGET /users [33m401[0m 4.685 ms - 40[0m
2021-12-17 15:52:33 info: =================================
2021-12-17 15:52:33 info: ======= ENV: test =======
2021-12-17 15:52:33 info: 🚀 App listening on the port 8080
2021-12-17 15:52:33 info: =================================
2021-12-17 15:52:34 error: [GET] /users >> StatusCode:: 401, Message:: Wrong authentication token
2021-12-17 15:52:34 info: [0mGET /users [33m401[0m 17.752 ms - 40[0m
2021-12-17 15:53:24 info: =================================
2021-12-17 15:53:24 info: ======= ENV: test =======
2021-12-17 15:53:24 info: 🚀 App listening on the port 8080
2021-12-17 15:53:24 info: =================================
2021-12-17 15:53:35 error: [GET] /users >> StatusCode:: 401, Message:: Wrong authentication token
2021-12-17 15:53:35 info: [0mGET /users [33m401[0m 4.794 ms - 40[0m
2021-12-17 15:53:58 error: [GET] /users >> StatusCode:: 401, Message:: Wrong authentication token
2021-12-17 15:53:58 info: [0mGET /users [33m401[0m 1.936 ms - 40[0m
2021-12-17 15:54:56 info: =================================
2021-12-17 15:54:56 info: ======= ENV: test =======
2021-12-17 15:54:56 info: 🚀 App listening on the port 8080
2021-12-17 15:54:56 info: =================================
2021-12-17 15:55:22 info: =================================
2021-12-17 15:55:22 info: ======= ENV: test =======
2021-12-17 15:55:22 info: 🚀 App listening on the port 8080
2021-12-17 15:55:22 info: =================================
2021-12-17 15:55:28 info: [0mGET /users [0m-[0m - ms - -[0m
2021-12-17 15:56:03 info: =================================
2021-12-17 15:56:03 info: ======= ENV: test =======
2021-12-17 15:56:03 info: 🚀 App listening on the port 8080
2021-12-17 15:56:03 info: =================================
2021-12-17 15:56:39 error: [GET] /users >> StatusCode:: 401, Message:: Wrong authentication token
2021-12-17 15:56:39 info: [0mGET /users [33m401[0m 11.125 ms - 40[0m
2021-12-17 16:20:45 info: =================================
2021-12-17 16:20:45 info: ======= ENV: test =======
2021-12-17 16:20:45 info: 🚀 App listening on the port 8080
2021-12-17 16:20:45 info: =================================
2021-12-17 16:20:49 error: [GET] /users >> StatusCode:: 401, Message:: Wrong authentication token
2021-12-17 16:20:49 info: [0mGET /users [33m401[0m 4.946 ms - 40[0m
2021-12-17 16:21:37 info: =================================
2021-12-17 16:21:37 info: ======= ENV: test =======
2021-12-17 16:21:37 info: 🚀 App listening on the port 8080
2021-12-17 16:21:37 info: =================================
2021-12-17 16:21:49 info: [0mPOST /login [32m200[0m 3632.603 ms - 165[0m
2021-12-17 16:22:04 info: [0mGET /users [32m200[0m 269.418 ms - 243[0m
2021-12-17 16:22:19 info: =================================
2021-12-17 16:22:19 info: ======= ENV: test =======
2021-12-17 16:22:19 info: 🚀 App listening on the port 8080
2021-12-17 16:22:19 info: =================================
2021-12-17 16:42:16 info: =================================
2021-12-17 16:42:16 info: ======= ENV: test =======
2021-12-17 16:42:16 info: 🚀 App listening on the port 8080
2021-12-17 16:42:16 info: =================================
2021-12-17 16:46:00 info: =================================
2021-12-17 16:46:00 info: ======= ENV: test =======
2021-12-17 16:46:00 info: 🚀 App listening on the port 8080
2021-12-17 16:46:00 info: =================================
2021-12-17 16:46:52 info: =================================
2021-12-17 16:46:52 info: ======= ENV: test =======
2021-12-17 16:46:52 info: 🚀 App listening on the port 8080
2021-12-17 16:46:52 info: =================================
2021-12-17 16:47:57 info: =================================
2021-12-17 16:47:57 info: ======= ENV: test =======
2021-12-17 16:47:57 info: 🚀 App listening on the port 8080
2021-12-17 16:47:57 info: =================================
2021-12-17 16:50:42 info: =================================
2021-12-17 16:50:42 info: ======= ENV: test =======
2021-12-17 16:50:42 info: 🚀 App listening on the port 8080
2021-12-17 16:50:42 info: =================================
2021-12-17 16:50:50 info: =================================
2021-12-17 16:50:50 info: ======= ENV: test =======
2021-12-17 16:50:50 info: 🚀 App listening on the port 8080
2021-12-17 16:50:50 info: =================================
2021-12-17 16:51:06 info: =================================
2021-12-17 16:51:06 info: ======= ENV: test =======
2021-12-17 16:51:06 info: 🚀 App listening on the port 8080
2021-12-17 16:51:06 info: =================================
2021-12-17 16:51:44 info: =================================
2021-12-17 16:51:44 info: ======= ENV: test =======
2021-12-17 16:51:44 info: 🚀 App listening on the port 8080
2021-12-17 16:51:44 info: =================================
2021-12-17 16:56:09 info: =================================
2021-12-17 16:56:09 info: ======= ENV: test =======
2021-12-17 16:56:09 info: 🚀 App listening on the port 8080
2021-12-17 16:56:09 info: =================================
2021-12-17 17:03:45 info: =================================
2021-12-17 17:03:45 info: ======= ENV: test =======
2021-12-17 17:03:45 info: 🚀 App listening on the port 8080
2021-12-17 17:03:45 info: =================================
2021-12-17 17:03:48 info: =================================
2021-12-17 17:03:48 info: ======= ENV: test =======
2021-12-17 17:03:48 info: 🚀 App listening on the port 8080
2021-12-17 17:03:48 info: =================================
2021-12-17 17:06:24 info: =================================
2021-12-17 17:06:24 info: ======= ENV: test =======
2021-12-17 17:06:24 info: 🚀 App listening on the port 8080
2021-12-17 17:06:24 info: =================================
2021-12-17 17:06:52 error: [POST] /users >> StatusCode:: 400, Message:: role must be a valid enum value
2021-12-17 17:06:52 info: [0mPOST /users [33m400[0m 29.204 ms - 45[0m
2021-12-17 17:07:09 info: =================================
2021-12-17 17:07:09 info: ======= ENV: test =======
2021-12-17 17:07:09 info: 🚀 App listening on the port 8080
2021-12-17 17:07:09 info: =================================
2021-12-17 17:10:36 info: =================================
2021-12-17 17:10:36 info: ======= ENV: test =======
2021-12-17 17:10:36 info: 🚀 App listening on the port 8080
2021-12-17 17:10:36 info: =================================
2021-12-17 17:10:48 info: [0mPOST /users [32m201[0m 6272.424 ms - 269[0m
2021-12-17 17:13:42 info: =================================
2021-12-17 17:13:42 info: ======= ENV: test =======
2021-12-17 17:13:42 info: 🚀 App listening on the port 8080
2021-12-17 17:13:42 info: =================================
2021-12-17 17:14:02 info: =================================
2021-12-17 17:14:02 info: ======= ENV: test =======
2021-12-17 17:14:02 info: 🚀 App listening on the port 8080
2021-12-17 17:14:02 info: =================================
2021-12-17 17:14:06 info: =================================
2021-12-17 17:14:06 info: ======= ENV: test =======
2021-12-17 17:14:06 info: 🚀 App listening on the port 8080
2021-12-17 17:14:06 info: =================================
